<?xml version="1.0" encoding="UTF-8"?>
<!-- Generated by org.testng.reporters.JUnitReportReporter -->
<testsuite hostname="DESKTOP-UO1OTNH" failures="0" tests="1" name="tests.UserTests" time="2.562" errors="0" timestamp="2025-03-17T03:40:00 IST" skipped="0">
  <testcase classname="tests.UserTests" name="testGetUser" time="2.562"/>
  <system-out/>
</testsuite> <!-- tests.UserTests -->
