<?xml version="1.0" encoding="UTF-8"?>
<!-- Generated by org.testng.reporters.JUnitReportReporter -->
<testsuite hostname="DESKTOP-UO1OTNH" failures="0" tests="1" name="tests.CreateUserTest" time="3.506" errors="0" timestamp="2025-03-16T15:31:37 IST" skipped="0">
  <testcase classname="tests.CreateUserTest" name="testCreateUser" time="3.506"/>
  <system-out/>
</testsuite> <!-- tests.CreateUserTest -->
