<?xml version="1.0" encoding="UTF-8"?>
<!-- Generated by org.testng.reporters.JUnitReportReporter -->
<testsuite hostname="DESKTOP-UO1OTNH" failures="0" tests="4" name="tests.All_Test" time="5.529" errors="0" timestamp="2025-03-17T15:09:15 IST" skipped="0">
  <testcase classname="tests.All_Test" name="PostMethod" time="0.702"/>
  <system-out/>
  <testcase classname="tests.All_Test" name="putMethod" time="0.493"/>
  <system-out/>
  <testcase classname="tests.All_Test" name="GetMethod" time="3.838"/>
  <system-out/>
  <testcase classname="tests.All_Test" name="deleteMethod" time="0.496"/>
  <system-out/>
</testsuite> <!-- tests.All_Test -->
